<?xml version="1.0" encoding="UTF-8" ?>
<testsuite tests="4" failures="0" name="com.github.dariobalinzo.TestSchema" time="6.273" errors="1" skipped="0">
  <properties>
[...]
</properties>
  <testcase classname="com.github.dariobalinzo.TestSchema" name="testGetIndexAlias" time="2.3"/>
  <testcase classname="com.github.dariobalinzo.TestSchema" name="testSearchWithWhitelistFields" time="1.201"/>
  <testcase classname="com.github.dariobalinzo.TestSchema" name="testSearchWithcastStringFields" time="1.444">
    <error message="error in converting list: type not supported" type="java.lang.RuntimeException">java.lang.RuntimeException: error in converting list: type not supported
	at com.github.dariobalinzo.schema.SchemaConverter.lambda$convertDocumentSchema$0(SchemaConverter.java:107)
	at java.util.HashMap$KeySet.forEach(HashMap.java:933)
	at com.github.dariobalinzo.schema.SchemaConverter.convertDocumentSchema(SchemaConverter.java:42)
	at com.github.dariobalinzo.schema.SchemaConverter.convertElasticMapping2AvroSchema(SchemaConverter.java:33)
	at com.github.dariobalinzo.TestSchema.testSearchWithcastStringFields(TestSchema.java:129)
	at sun.reflect.NativeMethodAccessorImpl.invoke0(Native Method)
	at sun.reflect.NativeMethodAccessorImpl.invoke(NativeMethodAccessorImpl.java:62)
	at sun.reflect.DelegatingMethodAccessorImpl.invoke(DelegatingMethodAccessorImpl.java:43)
	at java.lang.reflect.Method.invoke(Method.java:498)
	at junit.framework.TestCase.runTest(TestCase.java:176)
	at junit.framework.TestCase.runBare(TestCase.java:141)
	at junit.framework.TestResult$1.protect(TestResult.java:122)
	at junit.framework.TestResult.runProtected(TestResult.java:142)
	at junit.framework.TestResult.run(TestResult.java:125)
	at junit.framework.TestCase.run(TestCase.java:129)
	at junit.framework.TestSuite.runTest(TestSuite.java:252)
	at junit.framework.TestSuite.run(TestSuite.java:247)
	at org.junit.internal.runners.JUnit38ClassRunner.run(JUnit38ClassRunner.java:86)
	at org.apache.maven.surefire.junit4.JUnit4Provider.execute(JUnit4Provider.java:252)
	at org.apache.maven.surefire.junit4.JUnit4Provider.executeTestSet(JUnit4Provider.java:141)
	at org.apache.maven.surefire.junit4.JUnit4Provider.invoke(JUnit4Provider.java:112)
	at sun.reflect.NativeMethodAccessorImpl.invoke0(Native Method)
	at sun.reflect.NativeMethodAccessorImpl.invoke(NativeMethodAccessorImpl.java:62)
	at sun.reflect.DelegatingMethodAccessorImpl.invoke(DelegatingMethodAccessorImpl.java:43)
	at java.lang.reflect.Method.invoke(Method.java:498)
	at org.apache.maven.surefire.util.ReflectionUtils.invokeMethodWithArray(ReflectionUtils.java:189)
	at org.apache.maven.surefire.booter.ProviderFactory$ProviderProxy.invoke(ProviderFactory.java:165)
	at org.apache.maven.surefire.booter.ProviderFactory.invokeProvider(ProviderFactory.java:85)
	at org.apache.maven.surefire.booter.ForkedBooter.runSuitesInProcess(ForkedBooter.java:115)
	at org.apache.maven.surefire.booter.ForkedBooter.main(ForkedBooter.java:75)
</error>
    <system-out>{country=AF, inspection_city=Ho Chi Minh City, to_organization_name=Target Analytic Testing_2, inspection_date=1528185198207, approved_date=1528185198210, inspection_location=10.801015486692819,106.73594331179247, to_organization_id=125318, inspector_id=2702, completed_status=none, po_number=PO_123, product_line_name=TEST, sample_size=0, pos=[], inspection_id=82660de0-6895-11e8-88a1-86bef6e09b96, car=false, latest_locations=[10.801015486692819,106.73594331179247, 10.8012629114192,106.73572730282949, 10.801070185080036,106.73604064567093, 10.801267018551753,106.7357247044395, 10.801103378120084,106.73594656156571, 10.801267018551753,106.7357247044395, 10.801023988594157,106.73593682645989], supplier={address=25/15 Le Binh, phuong 4, Tan Binh, Ho Chi Minh, 123, AL, name=Staging Vendor Auto 01, id=193878}, shared_org_detail=[], client={address=fdfdsf, dsfdsf, dsfsdf, AQ, name=Target Analytic Testing_2, id=125318}, case_number=2522018-TESTStagingFactoryAuto01SOLID, product_lines=[{product_line_name=TEST, product_line_id=100990, organization_id=125318}], po_ids=[], inspection_status=aborted, inspection_district=Quận 2, approval_flag=false, factory={address=35/15 Le Binh, Phuong 04, Tan Binh, Ho Chi Minh, 234, DZ, name=Staging Factory Auto 01, id=193879}, last_updated=1528185198286, item_id=[018-04-5175, 018-04-5174, 018-04-5177, 018-04-5176, 018-04-5171, 018-04-5170, 018-04-5173, 018-04-5172, 018-04-5179, 018-04-5178, ITEM_20, 018-04-5168, 018-04-5169, 018-04-5180, 018-04-5163, 018-04-5166, 018-04-5167, 018-04-5164, 018-04-5165], is_shared_by_scheduler_report_sharing=false, organization_name=Target Analytic Testing_2, inspector_name=Dat Inspector, product_line=100990, expected_date=1528174857989, product_categories=[{product_category_name=Mobile, product_line_name=TEST, product_line_id=100990, organization_id=125318, product_category_id=612}, {product_category_name=Cameras, product_line_name=TEST, product_line_id=100990, organization_id=125318, product_category_id=616}], organization_id=125318, shared_organizations=[125318], styles=[STYLE_01, STYLE_02], created_date=1528185198210, inspection_country=Vietnam, inspection_type=DUPRO}
</system-out>
  </testcase>
  <testcase classname="com.github.dariobalinzo.TestSchema" name="testSearch" time="1.328"/>
</testsuite>